<?xml version="1.0" encoding="UTF-8"?>
<testsuite xmlns:xsi="http://www.w3.org/2001/XMLSchema-instance" xsi:noNamespaceSchemaLocation="https://maven.apache.org/surefire/maven-surefire-plugin/xsd/surefire-test-report-3.0.xsd" version="3.0" name="com.runapp.storyprogressservice.controller.controllers.TeamTaskControllerTest" time="5.48" tests="14" errors="0" skipped="0" failures="0">
  <properties>
[...]
</properties>
  <testcase name="testDeleteTeamTaskWhenTaskExistsThenReturnNoContent" classname="com.runapp.storyprogressservice.controller.controllers.TeamTaskControllerTest" time="0.194">
    <system-out><![CDATA[16:46:35.628 [main] INFO org.springframework.test.context.support.AnnotationConfigContextLoaderUtils -- Could not detect default configuration classes for test class [com.runapp.storyprogressservice.controller.controllers.TeamTaskControllerTest]: TeamTaskControllerTest does not declare any static, non-private, non-final, nested classes annotated with @Configuration.
16:46:35.753 [main] INFO org.springframework.boot.test.context.SpringBootTestContextBootstrapper -- Found @SpringBootConfiguration com.runapp.storyprogressservice.StoryProgressServiceApplication for test class com.runapp.storyprogressservice.controller.controllers.TeamTaskControllerTest

  .   ____          _            __ _ _
 /\\ / ___'_ __ _ _(_)_ __  __ _ \ \ \ \
( ( )\___ | '_ | '_| | '_ \/ _` | \ \ \ \
 \\/  ___)| |_)| | | | | || (_| |  ) ) ) )
  '  |____| .__|_| |_|_| |_\__, | / / / /
 =========|_|==============|___/=/_/_/_/
 :: Spring Boot ::                (v3.1.3)

2024-03-08T16:46:38.545-06:00  INFO 28732 --- [           main] c.c.c.ConfigServicePropertySourceLocator : Fetching config from server at : http://localhost:8888
2024-03-08T16:46:38.636-06:00  INFO 28732 --- [           main] c.c.c.ConfigServicePropertySourceLocator : Exception on Url - http://localhost:8888:org.springframework.web.client.ResourceAccessException: I/O error on GET request for "http://localhost:8888/application/default,$%7BSPRING_PROFILE%7D": Connection refused: no further information. Will be trying the next url if available
2024-03-08T16:46:38.636-06:00  WARN 28732 --- [           main] c.c.c.ConfigServicePropertySourceLocator : Could not locate PropertySource: I/O error on GET request for "http://localhost:8888/application/default,$%7BSPRING_PROFILE%7D": Connection refused: no further information
2024-03-08T16:46:38.645-06:00  INFO 28732 --- [           main] c.r.s.c.c.TeamTaskControllerTest         : The following 1 profile is active: "${SPRING_PROFILE}"
2024-03-08T16:46:40.523-06:00  INFO 28732 --- [           main] o.s.b.t.m.w.SpringBootMockServletContext : Initializing Spring TestDispatcherServlet ''
2024-03-08T16:46:40.523-06:00  INFO 28732 --- [           main] o.s.t.web.servlet.TestDispatcherServlet  : Initializing Servlet ''
2024-03-08T16:46:40.527-06:00  INFO 28732 --- [           main] o.s.t.web.servlet.TestDispatcherServlet  : Completed initialization in 2 ms
2024-03-08T16:46:40.565-06:00  INFO 28732 --- [           main] c.r.s.c.c.TeamTaskControllerTest         : Started TeamTaskControllerTest in 4.756 seconds (process running for 5.569)
]]></system-out>
  </testcase>
  <testcase name="testGetCompletionPercentageForTeamWhenTeamExistsThenReturnPercentage" classname="com.runapp.storyprogressservice.controller.controllers.TeamTaskControllerTest" time="0.061"/>
  <testcase name="testDeleteTeamTaskWhenTaskExistsThenReturn204" classname="com.runapp.storyprogressservice.controller.controllers.TeamTaskControllerTest" time="0.007"/>
  <testcase name="testUpdateTeamTaskWhenTaskDataIsInvalidThenReturnBadRequest" classname="com.runapp.storyprogressservice.controller.controllers.TeamTaskControllerTest" time="0.042">
    <system-out><![CDATA[2024-03-08T16:46:40.866-06:00  INFO 28732 --- [           main] o.s.mock.web.MockServletContext          : Initializing Spring TestDispatcherServlet ''
2024-03-08T16:46:40.866-06:00  INFO 28732 --- [           main] o.s.t.web.servlet.TestDispatcherServlet  : Initializing Servlet ''
2024-03-08T16:46:40.867-06:00  INFO 28732 --- [           main] o.s.t.web.servlet.TestDispatcherServlet  : Completed initialization in 1 ms
]]></system-out>
  </testcase>
  <testcase name="testGetAllTeamTasksWhenNoTasksThenReturnEmptyList" classname="com.runapp.storyprogressservice.controller.controllers.TeamTaskControllerTest" time="0.009"/>
  <testcase name="testUpdateTeamTaskWhenTaskDoesNotExistThenReturnNotFound" classname="com.runapp.storyprogressservice.controller.controllers.TeamTaskControllerTest" time="0.006"/>
  <testcase name="testCreateTeamTaskWhenInvalidInputThenReturnBadRequest" classname="com.runapp.storyprogressservice.controller.controllers.TeamTaskControllerTest" time="0.006">
    <system-out><![CDATA[2024-03-08T16:46:40.908-06:00  WARN 28732 --- [           main] .w.s.m.s.DefaultHandlerExceptionResolver : Resolved [org.springframework.http.converter.HttpMessageNotReadableException: JSON parse error: Cannot deserialize value of type `int` from String "invalid": not a valid `int` value]
]]></system-out>
  </testcase>
  <testcase name="testGetTeamTaskByIdWhenTaskDoesNotExistThenReturnNotFound" classname="com.runapp.storyprogressservice.controller.controllers.TeamTaskControllerTest" time="0.018"/>
  <testcase name="testGetTeamTaskByIdWhenTaskExistsThenReturnTask" classname="com.runapp.storyprogressservice.controller.controllers.TeamTaskControllerTest" time="0.003"/>
  <testcase name="testGetCompletionPercentageForUserInTeamWhenUserExistsThenReturnPercentage" classname="com.runapp.storyprogressservice.controller.controllers.TeamTaskControllerTest" time="0.007"/>
  <testcase name="testUpdateTeamTaskWhenTaskExistsThenReturnUpdatedTask" classname="com.runapp.storyprogressservice.controller.controllers.TeamTaskControllerTest" time="0.004"/>
  <testcase name="testUpdateTeamTaskWhenTaskExistsThenReturnUpdated" classname="com.runapp.storyprogressservice.controller.controllers.TeamTaskControllerTest" time="0.003"/>
  <testcase name="testGetAllTeamTasksWhenTasksExistThenReturnTasks" classname="com.runapp.storyprogressservice.controller.controllers.TeamTaskControllerTest" time="0.005"/>
  <testcase name="testDeleteTeamTaskWhenTaskDoesNotExistThenReturn404" classname="com.runapp.storyprogressservice.controller.controllers.TeamTaskControllerTest" time="0.003"/>
</testsuite>